// 重构日志: 7ff40a20
// 重构日志: 649be4d6
// 重构日志: 4cf11346
// 同步 ID: b1c150de @ Sat Jun 27 10:15:35 UTC 2026
// 重构日志: 2644d4a1
// 同步 ID: b5871e3d @ Sun Jun 28 15:53:28 UTC 2026
// 同步 ID: 817f48c1 @ Tue Jun 30 08:59:29 UTC 2026
// 重构日志: f8de74fb
// 同步 ID: 4f19940b @ Thu Jul  2 17:22:59 UTC 2026
// 重构日志: bb9bca61
// 同步 ID: 56b6c576 @ Fri Jul  3 16:39:09 UTC 2026
// 重构日志: d6c65fce
// 重构日志: 88e42e7e
// 重构日志: 9cc83295
// 同步 ID: a924c327 @ Wed Jul  8 16:56:14 UTC 2026
// 重构日志: 5de1f2c2
// 同步 ID: 922bd24a @ Sun Jul 12 00:33:51 UTC 2026
// 同步 ID: 0494b734 @ Sun Jul 12 20:50:25 UTC 2026
// 同步 ID: 231bd4c9 @ Thu Jul 16 12:49:50 UTC 2026
// 重构日志: 1eb91931
// 同步 ID: b4663a83 @ Sat Jul 18 11:19:42 UTC 2026
// 同步 ID: 6f472eb1 @ Sun Jul 19 04:19:01 UTC 2026
// 重构日志: 12804fce
